Arguments: 
  /usr/bin/node /usr/bin/yarn add README.md

PATH: 
  /home/michal/.cargo/bin:/usr/local/sbin:/usr/local/bin:/usr/bin:/usr/lib/jvm/default/bin:/usr/bin/site_perl:/usr/bin/vendor_perl:/usr/bin/core_perl

Yarn version: 
  1.22.19

Node version: 
  18.3.0

Platform: 
  linux x64

Trace: 
  Error: https://registry.yarnpkg.com/README.md: Not found
      at params.callback [as _callback] (/usr/lib/node_modules/yarn/lib/cli.js:66145:18)
      at self.callback (/usr/lib/node_modules/yarn/lib/cli.js:140890:22)
      at Request.emit (node:events:527:28)
      at Request.<anonymous> (/usr/lib/node_modules/yarn/lib/cli.js:141862:10)
      at Request.emit (node:events:527:28)
      at IncomingMessage.<anonymous> (/usr/lib/node_modules/yarn/lib/cli.js:141784:12)
      at Object.onceWrapper (node:events:641:28)
      at IncomingMessage.emit (node:events:539:35)
      at endReadableNT (node:internal/streams/readable:1344:12)
      at process.processTicksAndRejections (node:internal/process/task_queues:82:21)

npm manifest: 
  No manifest

yarn manifest: 
  No manifest

Lockfile: 
  No lockfile
